<?xml version="1.0" encoding="UTF-8"?>
<testsuite xmlns:xsi="http://www.w3.org/2001/XMLSchema-instance" xsi:noNamespaceSchemaLocation="https://maven.apache.org/surefire/maven-surefire-plugin/xsd/surefire-test-report.xsd" name="parallel.RunCucumberTest" time="23.25" tests="7" errors="0" skipped="0" failures="2">
  <properties>
[...]
</properties>
  <testcase name="runScenario" classname="parallel.RunCucumberTest" time="18.286">
    <failure message="no such window: target window already closed&#10;from unknown error: web view not found&#10;  (Session info: chrome=103.0.5060.66)&#10;Build info: version: &apos;3.141.59&apos;, revision: &apos;e82be7d358&apos;, time: &apos;2018-11-14T08:17:03&apos;&#10;System info: host: &apos;MSI&apos;, ip: &apos;192.168.1.4&apos;, os.name: &apos;Windows 10&apos;, os.arch: &apos;amd64&apos;, os.version: &apos;10.0&apos;, java.version: &apos;18.0.1&apos;&#10;Driver info: org.openqa.selenium.chrome.ChromeDriver&#10;Capabilities {acceptInsecureCerts: false, browserName: chrome, browserVersion: 103.0.5060.66, chrome: {chromedriverVersion: 103.0.5060.134 (8ec6fce403b..., userDataDir: C:\Users\91807\AppData\Loca...}, goog:chromeOptions: {debuggerAddress: localhost:52521}, javascriptEnabled: true, networkConnectionEnabled: false, pageLoadStrategy: normal, platform: WINDOWS, platformName: WINDOWS, proxy: Proxy(), setWindowRect: true, strictFileInteractability: false, timeouts: {implicit: 0, pageLoad: 300000, script: 30000}, unhandledPromptBehavior: dismiss and notify, webauthn:extension:credBlob: true, webauthn:extension:largeBlob: true, webauthn:virtualAuthenticators: true}&#10;Session ID: 90aef8b3e705497d4e7f3bd1f3229975" type="org.openqa.selenium.NoSuchWindowException">org.openqa.selenium.NoSuchWindowException: 
no such window: target window already closed
from unknown error: web view not found
  (Session info: chrome=103.0.5060.66)
Build info: version: '3.141.59', revision: 'e82be7d358', time: '2018-11-14T08:17:03'
System info: host: 'MSI', ip: '192.168.1.4', os.name: 'Windows 10', os.arch: 'amd64', os.version: '10.0', java.version: '18.0.1'
Driver info: org.openqa.selenium.chrome.ChromeDriver
Capabilities {acceptInsecureCerts: false, browserName: chrome, browserVersion: 103.0.5060.66, chrome: {chromedriverVersion: 103.0.5060.134 (8ec6fce403b..., userDataDir: C:\Users\91807\AppData\Loca...}, goog:chromeOptions: {debuggerAddress: localhost:52521}, javascriptEnabled: true, networkConnectionEnabled: false, pageLoadStrategy: normal, platform: WINDOWS, platformName: WINDOWS, proxy: Proxy(), setWindowRect: true, strictFileInteractability: false, timeouts: {implicit: 0, pageLoad: 300000, script: 30000}, unhandledPromptBehavior: dismiss and notify, webauthn:extension:credBlob: true, webauthn:extension:largeBlob: true, webauthn:virtualAuthenticators: true}
Session ID: 90aef8b3e705497d4e7f3bd1f3229975
</failure>
    <system-out><![CDATA[Thread ID - 21 - Scenario Outline Row 2 from scenario-outlines feature file.
Thread ID - 20 - Scenario Outline Row 1 from scenario-outlines feature file.
Thread ID - 23 - Scenario 2 from scenarios feature file.
]]></system-out>
    <system-err><![CDATA[SLF4J: Failed to load class "org.slf4j.impl.StaticLoggerBinder".
SLF4J: Defaulting to no-operation (NOP) logger implementation
SLF4J: See http://www.slf4j.org/codes.html#StaticLoggerBinder for further details.
Starting ChromeDriver 103.0.5060.134 (8ec6fce403b3feb0869b0732eda8bd95011d333c-refs/branch-heads/5060@{#1262}) on port 14604
Only local connections are allowed.
Please see https://chromedriver.chromium.org/security-considerations for suggestions on keeping ChromeDriver safe.
ChromeDriver was started successfully.
Starting ChromeDriver 103.0.5060.134 (8ec6fce403b3feb0869b0732eda8bd95011d333c-refs/branch-heads/5060@{#1262}) on port 1783
Only local connections are allowed.
Please see https://chromedriver.chromium.org/security-considerations for suggestions on keeping ChromeDriver safe.
Starting ChromeDriver 103.0.5060.134 (8ec6fce403b3feb0869b0732eda8bd95011d333c-refs/branch-heads/5060@{#1262}) on port 32924
Only local connections are allowed.
Please see https://chromedriver.chromium.org/security-considerations for suggestions on keeping ChromeDriver safe.
ChromeDriver was started successfully.
Starting ChromeDriver 103.0.5060.134 (8ec6fce403b3feb0869b0732eda8bd95011d333c-refs/branch-heads/5060@{#1262}) on port 17271
Only local connections are allowed.
Please see https://chromedriver.chromium.org/security-considerations for suggestions on keeping ChromeDriver safe.
ChromeDriver was started successfully.
ChromeDriver was started successfully.
Starting ChromeDriver 103.0.5060.134 (8ec6fce403b3feb0869b0732eda8bd95011d333c-refs/branch-heads/5060@{#1262}) on port 27483
Only local connections are allowed.
Please see https://chromedriver.chromium.org/security-considerations for suggestions on keeping ChromeDriver safe.
ChromeDriver was started successfully.
Starting ChromeDriver 103.0.5060.134 (8ec6fce403b3feb0869b0732eda8bd95011d333c-refs/branch-heads/5060@{#1262}) on port 44896
Only local connections are allowed.
Please see https://chromedriver.chromium.org/security-considerations for suggestions on keeping ChromeDriver safe.
Starting ChromeDriver 103.0.5060.134 (8ec6fce403b3feb0869b0732eda8bd95011d333c-refs/branch-heads/5060@{#1262}) on port 30272
Only local connections are allowed.
Please see https://chromedriver.chromium.org/security-considerations for suggestions on keeping ChromeDriver safe.
ChromeDriver was started successfully.
ChromeDriver was started successfully.
Mar 17, 2023 7:38:41 PM org.openqa.selenium.remote.ProtocolHandshake createSession
INFO: Detected dialect: W3C
Mar 17, 2023 7:38:41 PM org.openqa.selenium.remote.ProtocolHandshake createSession
INFO: Detected dialect: W3C
Mar 17, 2023 7:38:43 PM org.openqa.selenium.remote.ProtocolHandshake createSession
INFO: Detected dialect: W3C
Mar 17, 2023 7:38:45 PM org.openqa.selenium.remote.ProtocolHandshake createSession
INFO: Detected dialect: W3C
Mar 17, 2023 7:38:48 PM org.openqa.selenium.remote.ProtocolHandshake createSession
INFO: Detected dialect: W3C
Mar 17, 2023 7:38:48 PM org.openqa.selenium.remote.ProtocolHandshake createSession
INFO: Detected dialect: W3C
[1679062134.192][SEVERE]: Unable to receive message from renderer
]]></system-err>
  </testcase>
  <testcase name="runScenario" classname="parallel.RunCucumberTest" time="18.915"/>
  <testcase name="runScenario" classname="parallel.RunCucumberTest" time="19.23"/>
  <testcase name="runScenario" classname="parallel.RunCucumberTest" time="19.324"/>
  <testcase name="runScenario" classname="parallel.RunCucumberTest" time="19.464">
    <failure message="session not created&#10;from disconnected: received Inspector.detached event&#10;  (Session info: chrome=103.0.5060.66)&#10;Build info: version: &apos;3.141.59&apos;, revision: &apos;e82be7d358&apos;, time: &apos;2018-11-14T08:17:03&apos;&#10;System info: host: &apos;MSI&apos;, ip: &apos;192.168.1.4&apos;, os.name: &apos;Windows 10&apos;, os.arch: &apos;amd64&apos;, os.version: &apos;10.0&apos;, java.version: &apos;18.0.1&apos;&#10;Driver info: driver.version: ChromeDriver&#10;remote stacktrace: Backtrace:&#10;	Ordinal0 [0x00B65FD3+2187219]&#10;	Ordinal0 [0x00AFE6D1+1763025]&#10;	Ordinal0 [0x00A13E78+802424]&#10;	Ordinal0 [0x00A06BAE+748462]&#10;	Ordinal0 [0x00A0679F+747423]&#10;	Ordinal0 [0x00A05D3F+744767]&#10;	Ordinal0 [0x00A04C28+740392]&#10;	Ordinal0 [0x00A050FD+741629]&#10;	Ordinal0 [0x00A04855+739413]&#10;	Ordinal0 [0x00A0FA03+784899]&#10;	Ordinal0 [0x00A04805+739333]&#10;	Ordinal0 [0x00A058E8+743656]&#10;	Ordinal0 [0x00A04C28+740392]&#10;	Ordinal0 [0x00A050FD+741629]&#10;	Ordinal0 [0x00A04855+739413]&#10;	Ordinal0 [0x00A0D6F8+775928]&#10;	Ordinal0 [0x00A04805+739333]&#10;	Ordinal0 [0x00A058E8+743656]&#10;	Ordinal0 [0x00A04C28+740392]&#10;	Ordinal0 [0x00A050FD+741629]&#10;	Ordinal0 [0x00A04855+739413]&#10;	Ordinal0 [0x00A0B492+767122]&#10;	Ordinal0 [0x00A04805+739333]&#10;	Ordinal0 [0x00A058E8+743656]&#10;	Ordinal0 [0x00A04C28+740392]&#10;	Ordinal0 [0x00A050FD+741629]&#10;	Ordinal0 [0x00A04855+739413]&#10;	Ordinal0 [0x00A0002D+720941]&#10;	Ordinal0 [0x00A04805+739333]&#10;	Ordinal0 [0x00A04590+738704]&#10;	Ordinal0 [0x00A042D9+738009]&#10;	Ordinal0 [0x00A151D0+807376]&#10;	Ordinal0 [0x00A62889+1124489]&#10;	Ordinal0 [0x00A6144A+1119306]&#10;	Ordinal0 [0x00A5C9A6+1100198]&#10;	Ordinal0 [0x00A36F80+946048]&#10;	Ordinal0 [0x00A37E76+949878]&#10;	GetHandleVerifier [0x00E090C2+2721218]&#10;	GetHandleVerifier [0x00DFAAF0+2662384]&#10;	GetHandleVerifier [0x00BF137A+526458]&#10;	GetHandleVerifier [0x00BF0416+522518]&#10;	Ordinal0 [0x00B04EAB+1789611]&#10;	Ordinal0 [0x00B097A8+1808296]&#10;	Ordinal0 [0x00B09895+1808533]&#10;	Ordinal0 [0x00B126C1+1844929]&#10;	BaseThreadInitThunk [0x753100F9+25]&#10;	RtlGetAppContainerNamedObjectPath [0x773A7BBE+286]&#10;	RtlGetAppContainerNamedObjectPath [0x773A7B8E+238]&#10;" type="org.openqa.selenium.SessionNotCreatedException">org.openqa.selenium.SessionNotCreatedException: 
session not created
from disconnected: received Inspector.detached event
  (Session info: chrome=103.0.5060.66)
Build info: version: '3.141.59', revision: 'e82be7d358', time: '2018-11-14T08:17:03'
System info: host: 'MSI', ip: '192.168.1.4', os.name: 'Windows 10', os.arch: 'amd64', os.version: '10.0', java.version: '18.0.1'
Driver info: driver.version: ChromeDriver
remote stacktrace: Backtrace:
	Ordinal0 [0x00B65FD3+2187219]
	Ordinal0 [0x00AFE6D1+1763025]
	Ordinal0 [0x00A13E78+802424]
	Ordinal0 [0x00A06BAE+748462]
	Ordinal0 [0x00A0679F+747423]
	Ordinal0 [0x00A05D3F+744767]
	Ordinal0 [0x00A04C28+740392]
	Ordinal0 [0x00A050FD+741629]
	Ordinal0 [0x00A04855+739413]
	Ordinal0 [0x00A0FA03+784899]
	Ordinal0 [0x00A04805+739333]
	Ordinal0 [0x00A058E8+743656]
	Ordinal0 [0x00A04C28+740392]
	Ordinal0 [0x00A050FD+741629]
	Ordinal0 [0x00A04855+739413]
	Ordinal0 [0x00A0D6F8+775928]
	Ordinal0 [0x00A04805+739333]
	Ordinal0 [0x00A058E8+743656]
	Ordinal0 [0x00A04C28+740392]
	Ordinal0 [0x00A050FD+741629]
	Ordinal0 [0x00A04855+739413]
	Ordinal0 [0x00A0B492+767122]
	Ordinal0 [0x00A04805+739333]
	Ordinal0 [0x00A058E8+743656]
	Ordinal0 [0x00A04C28+740392]
	Ordinal0 [0x00A050FD+741629]
	Ordinal0 [0x00A04855+739413]
	Ordinal0 [0x00A0002D+720941]
	Ordinal0 [0x00A04805+739333]
	Ordinal0 [0x00A04590+738704]
	Ordinal0 [0x00A042D9+738009]
	Ordinal0 [0x00A151D0+807376]
	Ordinal0 [0x00A62889+1124489]
	Ordinal0 [0x00A6144A+1119306]
	Ordinal0 [0x00A5C9A6+1100198]
	Ordinal0 [0x00A36F80+946048]
	Ordinal0 [0x00A37E76+949878]
	GetHandleVerifier [0x00E090C2+2721218]
	GetHandleVerifier [0x00DFAAF0+2662384]
	GetHandleVerifier [0x00BF137A+526458]
	GetHandleVerifier [0x00BF0416+522518]
	Ordinal0 [0x00B04EAB+1789611]
	Ordinal0 [0x00B097A8+1808296]
	Ordinal0 [0x00B09895+1808533]
	Ordinal0 [0x00B126C1+1844929]
	BaseThreadInitThunk [0x753100F9+25]
	RtlGetAppContainerNamedObjectPath [0x773A7BBE+286]
	RtlGetAppContainerNamedObjectPath [0x773A7B8E+238]

</failure>
  </testcase>
  <testcase name="runScenario" classname="parallel.RunCucumberTest" time="19.49"/>
  <testcase name="runScenario" classname="parallel.RunCucumberTest" time="22.255"/>
</testsuite>